versions pytest-5.1.2, py-1.8.0, python-3.7.4.final.0
cwd=/Users/gtema/workspace/otc/ansible-role-influxdb/molecule/vagrant
args=['--connection=ansible', '--ansible-inventory=/Users/gtema/.cache/molecule/ansible-role-influxdb/vagrant/inventory/ansible_inventory.yml', '-p', 'no:cacheprovider', '--debug', '/Users/gtema/workspace/otc/ansible-role-influxdb/molecule/vagrant/../tests/test_default.py', '-vvv']

  pytest_cmdline_main [hook]
      config: <_pytest.config.Config object at 0x10460dc50>
    pytest_plugin_registered [hook]
        plugin: <Session molecule exitstatus='<UNSET>' testsfailed=0 testscollected=0>
        manager: <_pytest.config.PytestPluginManager object at 0x10458ed50>
    finish pytest_plugin_registered --> [] [hook]
    pytest_configure [hook]
        config: <_pytest.config.Config object at 0x10460dc50>
    early skip of rewriting module: faulthandler [assertion]
    early skip of rewriting module: py._io [assertion]
    early skip of rewriting module: py._io.terminalwriter [assertion]
    early skip of rewriting module: unicodedata [assertion]
    early skip of rewriting module: py._builtin [assertion]
      pytest_plugin_registered [hook]
          plugin: <_pytest.config.PytestPluginManager object at 0x10458ed50>
          manager: <_pytest.config.PytestPluginManager object at 0x10458ed50>
      finish pytest_plugin_registered --> [] [hook]
      pytest_plugin_registered [hook]
          plugin: <_pytest.config.Config object at 0x10460dc50>
          manager: <_pytest.config.PytestPluginManager object at 0x10458ed50>
      finish pytest_plugin_registered --> [] [hook]
      pytest_plugin_registered [hook]
          plugin: <module '_pytest.mark' from '/usr/local/lib/python3.7/site-packages/_pytest/mark/__init__.py'>
          manager: <_pytest.config.PytestPluginManager object at 0x10458ed50>
      finish pytest_plugin_registered --> [] [hook]
      pytest_plugin_registered [hook]
          plugin: <module '_pytest.main' from '/usr/local/lib/python3.7/site-packages/_pytest/main.py'>
          manager: <_pytest.config.PytestPluginManager object at 0x10458ed50>
      finish pytest_plugin_registered --> [] [hook]
      pytest_plugin_registered [hook]
          plugin: <module '_pytest.runner' from '/usr/local/lib/python3.7/site-packages/_pytest/runner.py'>
          manager: <_pytest.config.PytestPluginManager object at 0x10458ed50>
      finish pytest_plugin_registered --> [] [hook]
      pytest_plugin_registered [hook]
          plugin: <module '_pytest.fixtures' from '/usr/local/lib/python3.7/site-packages/_pytest/fixtures.py'>
          manager: <_pytest.config.PytestPluginManager object at 0x10458ed50>
      finish pytest_plugin_registered --> [] [hook]
      pytest_plugin_registered [hook]
          plugin: <module '_pytest.helpconfig' from '/usr/local/lib/python3.7/site-packages/_pytest/helpconfig.py'>
          manager: <_pytest.config.PytestPluginManager object at 0x10458ed50>
      finish pytest_plugin_registered --> [] [hook]
      pytest_plugin_registered [hook]
          plugin: <module '_pytest.python' from '/usr/local/lib/python3.7/site-packages/_pytest/python.py'>
          manager: <_pytest.config.PytestPluginManager object at 0x10458ed50>
      finish pytest_plugin_registered --> [] [hook]
      pytest_plugin_registered [hook]
          plugin: <module '_pytest.terminal' from '/usr/local/lib/python3.7/site-packages/_pytest/terminal.py'>
          manager: <_pytest.config.PytestPluginManager object at 0x10458ed50>
      finish pytest_plugin_registered --> [] [hook]
      pytest_plugin_registered [hook]
          plugin: <module '_pytest.debugging' from '/usr/local/lib/python3.7/site-packages/_pytest/debugging.py'>
          manager: <_pytest.config.PytestPluginManager object at 0x10458ed50>
      finish pytest_plugin_registered --> [] [hook]
      pytest_plugin_registered [hook]
          plugin: <module '_pytest.unittest' from '/usr/local/lib/python3.7/site-packages/_pytest/unittest.py'>
          manager: <_pytest.config.PytestPluginManager object at 0x10458ed50>
      finish pytest_plugin_registered --> [] [hook]
      pytest_plugin_registered [hook]
          plugin: <module '_pytest.capture' from '/usr/local/lib/python3.7/site-packages/_pytest/capture.py'>
          manager: <_pytest.config.PytestPluginManager object at 0x10458ed50>
      finish pytest_plugin_registered --> [] [hook]
      pytest_plugin_registered [hook]
          plugin: <module '_pytest.skipping' from '/usr/local/lib/python3.7/site-packages/_pytest/skipping.py'>
          manager: <_pytest.config.PytestPluginManager object at 0x10458ed50>
      finish pytest_plugin_registered --> [] [hook]
      pytest_plugin_registered [hook]
          plugin: <module '_pytest.tmpdir' from '/usr/local/lib/python3.7/site-packages/_pytest/tmpdir.py'>
          manager: <_pytest.config.PytestPluginManager object at 0x10458ed50>
      finish pytest_plugin_registered --> [] [hook]
      pytest_plugin_registered [hook]
          plugin: <module '_pytest.monkeypatch' from '/usr/local/lib/python3.7/site-packages/_pytest/monkeypatch.py'>
          manager: <_pytest.config.PytestPluginManager object at 0x10458ed50>
      finish pytest_plugin_registered --> [] [hook]
      pytest_plugin_registered [hook]
          plugin: <module '_pytest.recwarn' from '/usr/local/lib/python3.7/site-packages/_pytest/recwarn.py'>
          manager: <_pytest.config.PytestPluginManager object at 0x10458ed50>
      finish pytest_plugin_registered --> [] [hook]
      pytest_plugin_registered [hook]
          plugin: <module '_pytest.pastebin' from '/usr/local/lib/python3.7/site-packages/_pytest/pastebin.py'>
          manager: <_pytest.config.PytestPluginManager object at 0x10458ed50>
      finish pytest_plugin_registered --> [] [hook]
      pytest_plugin_registered [hook]
          plugin: <module '_pytest.nose' from '/usr/local/lib/python3.7/site-packages/_pytest/nose.py'>
          manager: <_pytest.config.PytestPluginManager object at 0x10458ed50>
      finish pytest_plugin_registered --> [] [hook]
      pytest_plugin_registered [hook]
          plugin: <module '_pytest.assertion' from '/usr/local/lib/python3.7/site-packages/_pytest/assertion/__init__.py'>
          manager: <_pytest.config.PytestPluginManager object at 0x10458ed50>
      finish pytest_plugin_registered --> [] [hook]
      pytest_plugin_registered [hook]
          plugin: <module '_pytest.junitxml' from '/usr/local/lib/python3.7/site-packages/_pytest/junitxml.py'>
          manager: <_pytest.config.PytestPluginManager object at 0x10458ed50>
      finish pytest_plugin_registered --> [] [hook]
      pytest_plugin_registered [hook]
          plugin: <module '_pytest.resultlog' from '/usr/local/lib/python3.7/site-packages/_pytest/resultlog.py'>
          manager: <_pytest.config.PytestPluginManager object at 0x10458ed50>
      finish pytest_plugin_registered --> [] [hook]
      pytest_plugin_registered [hook]
          plugin: <module '_pytest.doctest' from '/usr/local/lib/python3.7/site-packages/_pytest/doctest.py'>
          manager: <_pytest.config.PytestPluginManager object at 0x10458ed50>
      finish pytest_plugin_registered --> [] [hook]
      pytest_plugin_registered [hook]
          plugin: <module '_pytest.freeze_support' from '/usr/local/lib/python3.7/site-packages/_pytest/freeze_support.py'>
          manager: <_pytest.config.PytestPluginManager object at 0x10458ed50>
      finish pytest_plugin_registered --> [] [hook]
      pytest_plugin_registered [hook]
          plugin: <module '_pytest.setuponly' from '/usr/local/lib/python3.7/site-packages/_pytest/setuponly.py'>
          manager: <_pytest.config.PytestPluginManager object at 0x10458ed50>
      finish pytest_plugin_registered --> [] [hook]
      pytest_plugin_registered [hook]
          plugin: <module '_pytest.setupplan' from '/usr/local/lib/python3.7/site-packages/_pytest/setupplan.py'>
          manager: <_pytest.config.PytestPluginManager object at 0x10458ed50>
      finish pytest_plugin_registered --> [] [hook]
      pytest_plugin_registered [hook]
          plugin: <module '_pytest.warnings' from '/usr/local/lib/python3.7/site-packages/_pytest/warnings.py'>
          manager: <_pytest.config.PytestPluginManager object at 0x10458ed50>
      finish pytest_plugin_registered --> [] [hook]
      pytest_plugin_registered [hook]
          plugin: <module '_pytest.logging' from '/usr/local/lib/python3.7/site-packages/_pytest/logging.py'>
          manager: <_pytest.config.PytestPluginManager object at 0x10458ed50>
      finish pytest_plugin_registered --> [] [hook]
      pytest_plugin_registered [hook]
          plugin: <module '_pytest.reports' from '/usr/local/lib/python3.7/site-packages/_pytest/reports.py'>
          manager: <_pytest.config.PytestPluginManager object at 0x10458ed50>
      finish pytest_plugin_registered --> [] [hook]
      pytest_plugin_registered [hook]
          plugin: <module '_pytest.faulthandler' from '/usr/local/lib/python3.7/site-packages/_pytest/faulthandler.py'>
          manager: <_pytest.config.PytestPluginManager object at 0x10458ed50>
      finish pytest_plugin_registered --> [] [hook]
      pytest_plugin_registered [hook]
          plugin: <module 'testinfra.plugin' from '/usr/local/lib/python3.7/site-packages/testinfra/plugin.py'>
          manager: <_pytest.config.PytestPluginManager object at 0x10458ed50>
      finish pytest_plugin_registered --> [] [hook]
      pytest_plugin_registered [hook]
          plugin: <CaptureManager _method='fd' _global_capturing=<MultiCapture out=<FDCapture 1 oldfd=5 _state='suspended'> err=<FDCapture 2 oldfd=6 _state='suspended'> in_=<FDCapture 0 oldfd=3 _state='started'> _state='suspended' _in_suspended='<UNSET>'> _current_item=None>
          manager: <_pytest.config.PytestPluginManager object at 0x10458ed50>
      finish pytest_plugin_registered --> [] [hook]
      pytest_plugin_registered [hook]
          plugin: <Session molecule exitstatus=<ExitCode.OK: 0> testsfailed=0 testscollected=0>
          manager: <_pytest.config.PytestPluginManager object at 0x10458ed50>
      finish pytest_plugin_registered --> [] [hook]
      pytest_plugin_registered [hook]
          plugin: <_pytest.terminal.TerminalReporter object at 0x1047191d0>
          manager: <_pytest.config.PytestPluginManager object at 0x10458ed50>
      finish pytest_plugin_registered --> [] [hook]
      pytest_plugin_registered [hook]
          plugin: <_pytest.logging.LoggingPlugin object at 0x104446510>
          manager: <_pytest.config.PytestPluginManager object at 0x10458ed50>
      finish pytest_plugin_registered --> [] [hook]
    finish pytest_configure --> [] [hook]
    pytest_sessionstart [hook]
        session: <Session molecule exitstatus=<ExitCode.OK: 0> testsfailed=0 testscollected=0>
      pytest_plugin_registered [hook]
          plugin: <_pytest.config.PytestPluginManager object at 0x10458ed50>
          manager: <_pytest.config.PytestPluginManager object at 0x10458ed50>
      finish pytest_plugin_registered --> [] [hook]
      pytest_plugin_registered [hook]
          plugin: <_pytest.config.Config object at 0x10460dc50>
          manager: <_pytest.config.PytestPluginManager object at 0x10458ed50>
      finish pytest_plugin_registered --> [] [hook]
      pytest_plugin_registered [hook]
          plugin: <module '_pytest.mark' from '/usr/local/lib/python3.7/site-packages/_pytest/mark/__init__.py'>
          manager: <_pytest.config.PytestPluginManager object at 0x10458ed50>
      finish pytest_plugin_registered --> [] [hook]
      pytest_plugin_registered [hook]
          plugin: <module '_pytest.main' from '/usr/local/lib/python3.7/site-packages/_pytest/main.py'>
          manager: <_pytest.config.PytestPluginManager object at 0x10458ed50>
      finish pytest_plugin_registered --> [] [hook]
      pytest_plugin_registered [hook]
          plugin: <module '_pytest.runner' from '/usr/local/lib/python3.7/site-packages/_pytest/runner.py'>
          manager: <_pytest.config.PytestPluginManager object at 0x10458ed50>
      finish pytest_plugin_registered --> [] [hook]
      pytest_plugin_registered [hook]
          plugin: <module '_pytest.fixtures' from '/usr/local/lib/python3.7/site-packages/_pytest/fixtures.py'>
          manager: <_pytest.config.PytestPluginManager object at 0x10458ed50>
      finish pytest_plugin_registered --> [] [hook]
      pytest_plugin_registered [hook]
          plugin: <module '_pytest.helpconfig' from '/usr/local/lib/python3.7/site-packages/_pytest/helpconfig.py'>
          manager: <_pytest.config.PytestPluginManager object at 0x10458ed50>
      finish pytest_plugin_registered --> [] [hook]
      pytest_plugin_registered [hook]
          plugin: <module '_pytest.python' from '/usr/local/lib/python3.7/site-packages/_pytest/python.py'>
          manager: <_pytest.config.PytestPluginManager object at 0x10458ed50>
      finish pytest_plugin_registered --> [] [hook]
      pytest_plugin_registered [hook]
          plugin: <module '_pytest.terminal' from '/usr/local/lib/python3.7/site-packages/_pytest/terminal.py'>
          manager: <_pytest.config.PytestPluginManager object at 0x10458ed50>
      finish pytest_plugin_registered --> [] [hook]
      pytest_plugin_registered [hook]
          plugin: <module '_pytest.debugging' from '/usr/local/lib/python3.7/site-packages/_pytest/debugging.py'>
          manager: <_pytest.config.PytestPluginManager object at 0x10458ed50>
      finish pytest_plugin_registered --> [] [hook]
      pytest_plugin_registered [hook]
          plugin: <module '_pytest.unittest' from '/usr/local/lib/python3.7/site-packages/_pytest/unittest.py'>
          manager: <_pytest.config.PytestPluginManager object at 0x10458ed50>
      finish pytest_plugin_registered --> [] [hook]
      pytest_plugin_registered [hook]
          plugin: <module '_pytest.capture' from '/usr/local/lib/python3.7/site-packages/_pytest/capture.py'>
          manager: <_pytest.config.PytestPluginManager object at 0x10458ed50>
      finish pytest_plugin_registered --> [] [hook]
      pytest_plugin_registered [hook]
          plugin: <module '_pytest.skipping' from '/usr/local/lib/python3.7/site-packages/_pytest/skipping.py'>
          manager: <_pytest.config.PytestPluginManager object at 0x10458ed50>
      finish pytest_plugin_registered --> [] [hook]
      pytest_plugin_registered [hook]
          plugin: <module '_pytest.tmpdir' from '/usr/local/lib/python3.7/site-packages/_pytest/tmpdir.py'>
          manager: <_pytest.config.PytestPluginManager object at 0x10458ed50>
      finish pytest_plugin_registered --> [] [hook]
      pytest_plugin_registered [hook]
          plugin: <module '_pytest.monkeypatch' from '/usr/local/lib/python3.7/site-packages/_pytest/monkeypatch.py'>
          manager: <_pytest.config.PytestPluginManager object at 0x10458ed50>
      finish pytest_plugin_registered --> [] [hook]
      pytest_plugin_registered [hook]
          plugin: <module '_pytest.recwarn' from '/usr/local/lib/python3.7/site-packages/_pytest/recwarn.py'>
          manager: <_pytest.config.PytestPluginManager object at 0x10458ed50>
      finish pytest_plugin_registered --> [] [hook]
      pytest_plugin_registered [hook]
          plugin: <module '_pytest.pastebin' from '/usr/local/lib/python3.7/site-packages/_pytest/pastebin.py'>
          manager: <_pytest.config.PytestPluginManager object at 0x10458ed50>
      finish pytest_plugin_registered --> [] [hook]
      pytest_plugin_registered [hook]
          plugin: <module '_pytest.nose' from '/usr/local/lib/python3.7/site-packages/_pytest/nose.py'>
          manager: <_pytest.config.PytestPluginManager object at 0x10458ed50>
      finish pytest_plugin_registered --> [] [hook]
      pytest_plugin_registered [hook]
          plugin: <module '_pytest.assertion' from '/usr/local/lib/python3.7/site-packages/_pytest/assertion/__init__.py'>
          manager: <_pytest.config.PytestPluginManager object at 0x10458ed50>
      finish pytest_plugin_registered --> [] [hook]
      pytest_plugin_registered [hook]
          plugin: <module '_pytest.junitxml' from '/usr/local/lib/python3.7/site-packages/_pytest/junitxml.py'>
          manager: <_pytest.config.PytestPluginManager object at 0x10458ed50>
      finish pytest_plugin_registered --> [] [hook]
      pytest_plugin_registered [hook]
          plugin: <module '_pytest.resultlog' from '/usr/local/lib/python3.7/site-packages/_pytest/resultlog.py'>
          manager: <_pytest.config.PytestPluginManager object at 0x10458ed50>
      finish pytest_plugin_registered --> [] [hook]
      pytest_plugin_registered [hook]
          plugin: <module '_pytest.doctest' from '/usr/local/lib/python3.7/site-packages/_pytest/doctest.py'>
          manager: <_pytest.config.PytestPluginManager object at 0x10458ed50>
      finish pytest_plugin_registered --> [] [hook]
      pytest_plugin_registered [hook]
          plugin: <module '_pytest.freeze_support' from '/usr/local/lib/python3.7/site-packages/_pytest/freeze_support.py'>
          manager: <_pytest.config.PytestPluginManager object at 0x10458ed50>
      finish pytest_plugin_registered --> [] [hook]
      pytest_plugin_registered [hook]
          plugin: <module '_pytest.setuponly' from '/usr/local/lib/python3.7/site-packages/_pytest/setuponly.py'>
          manager: <_pytest.config.PytestPluginManager object at 0x10458ed50>
      finish pytest_plugin_registered --> [] [hook]
      pytest_plugin_registered [hook]
          plugin: <module '_pytest.setupplan' from '/usr/local/lib/python3.7/site-packages/_pytest/setupplan.py'>
          manager: <_pytest.config.PytestPluginManager object at 0x10458ed50>
      finish pytest_plugin_registered --> [] [hook]
      pytest_plugin_registered [hook]
          plugin: <module '_pytest.warnings' from '/usr/local/lib/python3.7/site-packages/_pytest/warnings.py'>
          manager: <_pytest.config.PytestPluginManager object at 0x10458ed50>
      finish pytest_plugin_registered --> [] [hook]
      pytest_plugin_registered [hook]
          plugin: <module '_pytest.logging' from '/usr/local/lib/python3.7/site-packages/_pytest/logging.py'>
          manager: <_pytest.config.PytestPluginManager object at 0x10458ed50>
      finish pytest_plugin_registered --> [] [hook]
      pytest_plugin_registered [hook]
          plugin: <module '_pytest.reports' from '/usr/local/lib/python3.7/site-packages/_pytest/reports.py'>
          manager: <_pytest.config.PytestPluginManager object at 0x10458ed50>
      finish pytest_plugin_registered --> [] [hook]
      pytest_plugin_registered [hook]
          plugin: <module '_pytest.faulthandler' from '/usr/local/lib/python3.7/site-packages/_pytest/faulthandler.py'>
          manager: <_pytest.config.PytestPluginManager object at 0x10458ed50>
      finish pytest_plugin_registered --> [] [hook]
      pytest_plugin_registered [hook]
          plugin: <module 'testinfra.plugin' from '/usr/local/lib/python3.7/site-packages/testinfra/plugin.py'>
          manager: <_pytest.config.PytestPluginManager object at 0x10458ed50>
      finish pytest_plugin_registered --> [] [hook]
      pytest_plugin_registered [hook]
          plugin: <CaptureManager _method='fd' _global_capturing=<MultiCapture out=<FDCapture 1 oldfd=5 _state='suspended'> err=<FDCapture 2 oldfd=6 _state='suspended'> in_=<FDCapture 0 oldfd=3 _state='started'> _state='suspended' _in_suspended='<UNSET>'> _current_item=None>
          manager: <_pytest.config.PytestPluginManager object at 0x10458ed50>
      finish pytest_plugin_registered --> [] [hook]
      pytest_plugin_registered [hook]
          plugin: <Session molecule exitstatus=<ExitCode.OK: 0> testsfailed=0 testscollected=0>
          manager: <_pytest.config.PytestPluginManager object at 0x10458ed50>
      finish pytest_plugin_registered --> [] [hook]
      pytest_plugin_registered [hook]
          plugin: <_pytest.terminal.TerminalReporter object at 0x1047191d0>
          manager: <_pytest.config.PytestPluginManager object at 0x10458ed50>
      finish pytest_plugin_registered --> [] [hook]
      pytest_plugin_registered [hook]
          plugin: <_pytest.logging.LoggingPlugin object at 0x104446510>
          manager: <_pytest.config.PytestPluginManager object at 0x10458ed50>
      finish pytest_plugin_registered --> [] [hook]
      pytest_plugin_registered [hook]
          plugin: <_pytest.fixtures.FixtureManager object at 0x104719390>
          manager: <_pytest.config.PytestPluginManager object at 0x10458ed50>
      finish pytest_plugin_registered --> [] [hook]
      pytest_report_header [hook]
          config: <_pytest.config.Config object at 0x10460dc50>
          startdir: /Users/gtema/workspace/otc/ansible-role-influxdb/molecule/vagrant
      finish pytest_report_header --> [['rootdir: /Users/gtema/workspace/otc/ansible-role-influxdb/molecule', 'plugins: testinfra-3.1.0'], ['using: pytest-5.1.2 pylib-1.8.0', 'setuptools registered plugins:', '  testinfra-3.1.0 at /usr/local/lib/python3.7/site-packages/testinfra/plugin.py']] [hook]
    finish pytest_sessionstart --> [] [hook]
    pytest_collection [hook]
        session: <Session molecule exitstatus=<ExitCode.OK: 0> testsfailed=0 testscollected=0>
    perform_collect <Session molecule exitstatus=<ExitCode.OK: 0> testsfailed=0 testscollected=0> ['/Users/gtema/workspace/otc/ansible-role-influxdb/molecule/vagrant/../tests/test_default.py'] [collection]
        pytest_collectstart [hook]
            collector: <Session molecule exitstatus=<ExitCode.OK: 0> testsfailed=0 testscollected=0>
        finish pytest_collectstart --> [] [hook]
        pytest_make_collect_report [hook]
            collector: <Session molecule exitstatus=<ExitCode.OK: 0> testsfailed=0 testscollected=0>
        processing argument /Users/gtema/workspace/otc/ansible-role-influxdb/molecule/tests/test_default.py [collection]
            pytest_collect_file [hook]
                path: /Users/gtema/workspace/otc/ansible-role-influxdb/molecule/tests/test_default.py
                parent: <Session molecule exitstatus=<ExitCode.OK: 0> testsfailed=0 testscollected=0>
              pytest_pycollect_makemodule [hook]
                  path: /Users/gtema/workspace/otc/ansible-role-influxdb/molecule/tests/test_default.py
                  parent: <Session molecule exitstatus=<ExitCode.OK: 0> testsfailed=0 testscollected=0>
              finish pytest_pycollect_makemodule --> <Module tests/test_default.py> [hook]
            finish pytest_collect_file --> [<Module tests/test_default.py>] [hook]
          matchnodes [<Module tests/test_default.py>] [] [collection]
            matchnodes finished ->  1 nodes [collection]
        finish pytest_make_collect_report --> <CollectReport '' lenresult=1 outcome='passed'> [hook]
        pytest_collectreport [hook]
            report: <CollectReport '' lenresult=1 outcome='passed'>
        finish pytest_collectreport --> [] [hook]
    genitems <Module tests/test_default.py> [collection]
      pytest_collectstart [hook]
          collector: <Module tests/test_default.py>
      finish pytest_collectstart --> [] [hook]
      pytest_make_collect_report [hook]
          collector: <Module tests/test_default.py>
      find_module called for: test_default [assertion]
      matched test file (was specified on cmdline): '/Users/gtema/workspace/otc/ansible-role-influxdb/molecule/tests/test_default.py' [assertion]
      found cached rewritten pyc for '/Users/gtema/workspace/otc/ansible-role-influxdb/molecule/tests/test_default.py' [assertion]
      matched marked file 'testinfra.utils' (from 'testinfra') [assertion]
      find_module called for: testinfra.utils [assertion]
      found cached rewritten pyc for '/usr/local/lib/python3.7/site-packages/testinfra/utils/__init__.py' [assertion]
      early skip of rewriting module: ipaddress [assertion]
      matched marked file 'testinfra.utils.ansible_runner' (from 'testinfra') [assertion]
      find_module called for: testinfra.utils.ansible_runner [assertion]
      found cached rewritten pyc for '/usr/local/lib/python3.7/site-packages/testinfra/utils/ansible_runner.py' [assertion]
      early skip of rewriting module: json [assertion]
      early skip of rewriting module: json.decoder [assertion]
      early skip of rewriting module: json.scanner [assertion]
      early skip of rewriting module: _json [assertion]
      early skip of rewriting module: json.encoder [assertion]
      matched marked file 'testinfra.backend.local' (from 'testinfra') [assertion]
      find_module called for: testinfra.backend.local [assertion]
      found cached rewritten pyc for '/usr/local/lib/python3.7/site-packages/testinfra/backend/local.py' [assertion]
      matched marked file 'testinfra.backend.base' (from 'testinfra') [assertion]
      find_module called for: testinfra.backend.base [assertion]
      found cached rewritten pyc for '/usr/local/lib/python3.7/site-packages/testinfra/backend/base.py' [assertion]
      early skip of rewriting module: pipes [assertion]
        pytest_pycollect_makeitem [hook]
            collector: <Module tests/test_default.py>
            name: __name__
            obj: test_default
        finish pytest_pycollect_makeitem --> None [hook]
        pytest_pycollect_makeitem [hook]
            collector: <Module tests/test_default.py>
            name: __doc__
            obj: None
        finish pytest_pycollect_makeitem --> None [hook]
        pytest_pycollect_makeitem [hook]
            collector: <Module tests/test_default.py>
            name: __package__
            obj: 
        finish pytest_pycollect_makeitem --> None [hook]
        pytest_pycollect_makeitem [hook]
            collector: <Module tests/test_default.py>
            name: __loader__
            obj: <_pytest.assertion.rewrite.AssertionRewritingHook object at 0x104719e90>
        finish pytest_pycollect_makeitem --> None [hook]
        pytest_pycollect_makeitem [hook]
            collector: <Module tests/test_default.py>
            name: __spec__
            obj: ModuleSpec(name='test_default', loader=<_pytest.assertion.rewrite.AssertionRewritingHook object at 0x104719e90>, origin='/Users/gtema/workspace/otc/ansible-role-influxdb/molecule/tests/test_default.py')
        finish pytest_pycollect_makeitem --> None [hook]
        pytest_pycollect_makeitem [hook]
            collector: <Module tests/test_default.py>
            name: __file__
            obj: /Users/gtema/workspace/otc/ansible-role-influxdb/molecule/tests/test_default.py
        finish pytest_pycollect_makeitem --> None [hook]
        pytest_pycollect_makeitem [hook]
            collector: <Module tests/test_default.py>
            name: __cached__
            obj: /Users/gtema/workspace/otc/ansible-role-influxdb/molecule/tests/__pycache__/test_default.cpython-37.pyc
        finish pytest_pycollect_makeitem --> None [hook]
        pytest_pycollect_makeitem [hook]
            collector: <Module tests/test_default.py>
            name: __builtins__
            obj: {'__name__': 'builtins', '__doc__': "Built-in functions, exceptions, and other objects.\n\nNoteworthy: None is the `nil' object; Ellipsis represents `...' in slices.", '__package__': '', '__loader__': <class '_frozen_importlib.BuiltinImporter'>, '__spec__': ModuleSpec(name='builtins', loader=<class '_frozen_importlib.BuiltinImporter'>), '__build_class__': <built-in function __build_class__>, '__import__': <built-in function __import__>, 'abs': <built-in function abs>, 'all': <built-in function all>, 'any': <built-in function any>, 'ascii': <built-in function ascii>, 'bin': <built-in function bin>, 'breakpoint': <built-in function breakpoint>, 'callable': <built-in function callable>, 'chr': <built-in function chr>, 'compile': <built-in function compile>, 'delattr': <built-in function delattr>, 'dir': <built-in function dir>, 'divmod': <built-in function divmod>, 'eval': <built-in function eval>, 'exec': <built-in function exec>, 'format': <built-in function format>, 'getattr': <built-in function getattr>, 'globals': <built-in function globals>, 'hasattr': <built-in function hasattr>, 'hash': <built-in function hash>, 'hex': <built-in function hex>, 'id': <built-in function id>, 'input': <built-in function input>, 'isinstance': <built-in function isinstance>, 'issubclass': <built-in function issubclass>, 'iter': <built-in function iter>, 'len': <built-in function len>, 'locals': <built-in function locals>, 'max': <built-in function max>, 'min': <built-in function min>, 'next': <built-in function next>, 'oct': <built-in function oct>, 'ord': <built-in function ord>, 'pow': <built-in function pow>, 'print': <built-in function print>, 'repr': <built-in function repr>, 'round': <built-in function round>, 'setattr': <built-in function setattr>, 'sorted': <built-in function sorted>, 'sum': <built-in function sum>, 'vars': <built-in function vars>, 'None': None, 'Ellipsis': Ellipsis, 'NotImplemented': NotImplemented, 'False': False, 'True': True, 'bool': <class 'bool'>, 'memoryview': <class 'memoryview'>, 'bytearray': <class 'bytearray'>, 'bytes': <class 'bytes'>, 'classmethod': <class 'classmethod'>, 'complex': <class 'complex'>, 'dict': <class 'dict'>, 'enumerate': <class 'enumerate'>, 'filter': <class 'filter'>, 'float': <class 'float'>, 'frozenset': <class 'frozenset'>, 'property': <class 'property'>, 'int': <class 'int'>, 'list': <class 'list'>, 'map': <class 'map'>, 'object': <class 'object'>, 'range': <class 'range'>, 'reversed': <class 'reversed'>, 'set': <class 'set'>, 'slice': <class 'slice'>, 'staticmethod': <class 'staticmethod'>, 'str': <class 'str'>, 'super': <class 'super'>, 'tuple': <class 'tuple'>, 'type': <class 'type'>, 'zip': <class 'zip'>, '__debug__': True, 'BaseException': <class 'BaseException'>, 'Exception': <class 'Exception'>, 'TypeError': <class 'TypeError'>, 'StopAsyncIteration': <class 'StopAsyncIteration'>, 'StopIteration': <class 'StopIteration'>, 'GeneratorExit': <class 'GeneratorExit'>, 'SystemExit': <class 'SystemExit'>, 'KeyboardInterrupt': <class 'KeyboardInterrupt'>, 'ImportError': <class 'ImportError'>, 'ModuleNotFoundError': <class 'ModuleNotFoundError'>, 'OSError': <class 'OSError'>, 'EnvironmentError': <class 'OSError'>, 'IOError': <class 'OSError'>, 'EOFError': <class 'EOFError'>, 'RuntimeError': <class 'RuntimeError'>, 'RecursionError': <class 'RecursionError'>, 'NotImplementedError': <class 'NotImplementedError'>, 'NameError': <class 'NameError'>, 'UnboundLocalError': <class 'UnboundLocalError'>, 'AttributeError': <class 'AttributeError'>, 'SyntaxError': <class 'SyntaxError'>, 'IndentationError': <class 'IndentationError'>, 'TabError': <class 'TabError'>, 'LookupError': <class 'LookupError'>, 'IndexError': <class 'IndexError'>, 'KeyError': <class 'KeyError'>, 'ValueError': <class 'ValueError'>, 'UnicodeError': <class 'UnicodeError'>, 'UnicodeEncodeError': <class 'UnicodeEncodeError'>, 'UnicodeDecodeError': <class 'UnicodeDecodeError'>, 'UnicodeTranslateError': <class 'UnicodeTranslateError'>, 'AssertionError': <class 'AssertionError'>, 'ArithmeticError': <class 'ArithmeticError'>, 'FloatingPointError': <class 'FloatingPointError'>, 'OverflowError': <class 'OverflowError'>, 'ZeroDivisionError': <class 'ZeroDivisionError'>, 'SystemError': <class 'SystemError'>, 'ReferenceError': <class 'ReferenceError'>, 'MemoryError': <class 'MemoryError'>, 'BufferError': <class 'BufferError'>, 'Warning': <class 'Warning'>, 'UserWarning': <class 'UserWarning'>, 'DeprecationWarning': <class 'DeprecationWarning'>, 'PendingDeprecationWarning': <class 'PendingDeprecationWarning'>, 'SyntaxWarning': <class 'SyntaxWarning'>, 'RuntimeWarning': <class 'RuntimeWarning'>, 'FutureWarning': <class 'FutureWarning'>, 'ImportWarning': <class 'ImportWarning'>, 'UnicodeWarning': <class 'UnicodeWarning'>, 'BytesWarning': <class 'BytesWarning'>, 'ResourceWarning': <class 'ResourceWarning'>, 'ConnectionError': <class 'ConnectionError'>, 'BlockingIOError': <class 'BlockingIOError'>, 'BrokenPipeError': <class 'BrokenPipeError'>, 'ChildProcessError': <class 'ChildProcessError'>, 'ConnectionAbortedError': <class 'ConnectionAbortedError'>, 'ConnectionRefusedError': <class 'ConnectionRefusedError'>, 'ConnectionResetError': <class 'ConnectionResetError'>, 'FileExistsError': <class 'FileExistsError'>, 'FileNotFoundError': <class 'FileNotFoundError'>, 'IsADirectoryError': <class 'IsADirectoryError'>, 'NotADirectoryError': <class 'NotADirectoryError'>, 'InterruptedError': <class 'InterruptedError'>, 'PermissionError': <class 'PermissionError'>, 'ProcessLookupError': <class 'ProcessLookupError'>, 'TimeoutError': <class 'TimeoutError'>, 'open': <built-in function open>, 'quit': Use quit() or Ctrl-D (i.e. EOF) to exit, 'exit': Use exit() or Ctrl-D (i.e. EOF) to exit, 'copyright': Copyright (c) 2001-2019 Python Software Foundation.
All Rights Reserved.

Copyright (c) 2000 BeOpen.com.
All Rights Reserved.

Copyright (c) 1995-2001 Corporation for National Research Initiatives.
All Rights Reserved.

Copyright (c) 1991-1995 Stichting Mathematisch Centrum, Amsterdam.
All Rights Reserved., 'credits':     Thanks to CWI, CNRI, BeOpen.com, Zope Corporation and a cast of thousands
    for supporting Python development.  See www.python.org for more information., 'license': Type license() to see the full license text, 'help': Type help() for interactive help, or help(object) for help about object.}
        finish pytest_pycollect_makeitem --> None [hook]
        pytest_pycollect_makeitem [hook]
            collector: <Module tests/test_default.py>
            name: @py_builtins
            obj: <module 'builtins' (built-in)>
        finish pytest_pycollect_makeitem --> None [hook]
        pytest_pycollect_makeitem [hook]
            collector: <Module tests/test_default.py>
            name: @pytest_ar
            obj: <module '_pytest.assertion.rewrite' from '/usr/local/lib/python3.7/site-packages/_pytest/assertion/rewrite.py'>
        finish pytest_pycollect_makeitem --> None [hook]
        pytest_pycollect_makeitem [hook]
            collector: <Module tests/test_default.py>
            name: os
            obj: <module 'os' from '/usr/local/Cellar/python/3.7.4/Frameworks/Python.framework/Versions/3.7/lib/python3.7/os.py'>
        finish pytest_pycollect_makeitem --> None [hook]
        pytest_pycollect_makeitem [hook]
            collector: <Module tests/test_default.py>
            name: pytest
            obj: <module 'pytest' from '/usr/local/lib/python3.7/site-packages/pytest.py'>
        finish pytest_pycollect_makeitem --> None [hook]
        pytest_pycollect_makeitem [hook]
            collector: <Module tests/test_default.py>
            name: testinfra
            obj: <module 'testinfra' from '/usr/local/lib/python3.7/site-packages/testinfra/__init__.py'>
        finish pytest_pycollect_makeitem --> None [hook]
        pytest_pycollect_makeitem [hook]
            collector: <Module tests/test_default.py>
            name: testinfra_hosts
            obj: ['fedora30-vm']
        finish pytest_pycollect_makeitem --> None [hook]
        pytest_pycollect_makeitem [hook]
            collector: <Module tests/test_default.py>
            name: test_influx_packages_installed
            obj: <function test_influx_packages_installed at 0x10490bd40>
          pytest_generate_tests [hook]
              metafunc: <_pytest.python.Metafunc object at 0x1047482d0>
          matched marked file 'testinfra.backend.ansible' (from 'testinfra') [assertion]
          find_module called for: testinfra.backend.ansible [assertion]
          found cached rewritten pyc for '/usr/local/lib/python3.7/site-packages/testinfra/backend/ansible.py' [assertion]
          early skip of rewriting module: encodings.unicode_escape [assertion]
            pytest_make_parametrize_id [hook]
                config: <_pytest.config.Config object at 0x10460dc50>
                val: podman
                argname: pkg
            finish pytest_make_parametrize_id --> None [hook]
            pytest_make_parametrize_id [hook]
                config: <_pytest.config.Config object at 0x10460dc50>
                val: python3-influxdb
                argname: pkg
            finish pytest_make_parametrize_id --> None [hook]
            pytest_make_parametrize_id [hook]
                config: <_pytest.config.Config object at 0x10460dc50>
                val: firewalld
                argname: pkg
            finish pytest_make_parametrize_id --> None [hook]
          finish pytest_generate_tests --> [] [hook]
        finish pytest_pycollect_makeitem --> [<Function test_influx_packages_installed[ansible://fedora30-vm-podman]>, <Function test_influx_packages_installed[ansible://fedora30-vm-python3-influxdb]>, <Function test_influx_packages_installed[ansible://fedora30-vm-firewalld]>] [hook]
        pytest_pycollect_makeitem [hook]
            collector: <Module tests/test_default.py>
            name: test_influxdb_systemd_config
            obj: <function test_influxdb_systemd_config at 0x10470ec20>
          pytest_generate_tests [hook]
              metafunc: <_pytest.python.Metafunc object at 0x1048f3b50>
          finish pytest_generate_tests --> [] [hook]
        finish pytest_pycollect_makeitem --> [<Function test_influxdb_systemd_config[ansible://fedora30-vm]>] [hook]
        pytest_pycollect_makeitem [hook]
            collector: <Module tests/test_default.py>
            name: test_influxdb_user
            obj: <function test_influxdb_user at 0x104923d40>
          pytest_generate_tests [hook]
              metafunc: <_pytest.python.Metafunc object at 0x104728bd0>
          finish pytest_generate_tests --> [] [hook]
        finish pytest_pycollect_makeitem --> [<Function test_influxdb_user[ansible://fedora30-vm]>] [hook]
        pytest_pycollect_makeitem [hook]
            collector: <Module tests/test_default.py>
            name: test_influxdb_config
            obj: <function test_influxdb_config at 0x104923dd0>
          pytest_generate_tests [hook]
              metafunc: <_pytest.python.Metafunc object at 0x1047bd750>
          finish pytest_generate_tests --> [] [hook]
        finish pytest_pycollect_makeitem --> [<Function test_influxdb_config[ansible://fedora30-vm]>] [hook]
        pytest_pycollect_makeitem [hook]
            collector: <Module tests/test_default.py>
            name: test_influxdb_running
            obj: <function test_influxdb_running at 0x104923e60>
          pytest_generate_tests [hook]
              metafunc: <_pytest.python.Metafunc object at 0x1047bda50>
            pytest_make_parametrize_id [hook]
                config: <_pytest.config.Config object at 0x10460dc50>
                val: influxdb-service
                argname: srv
            finish pytest_make_parametrize_id --> None [hook]
            pytest_make_parametrize_id [hook]
                config: <_pytest.config.Config object at 0x10460dc50>
                val: firewalld
                argname: srv
            finish pytest_make_parametrize_id --> None [hook]
          finish pytest_generate_tests --> [] [hook]
        finish pytest_pycollect_makeitem --> [<Function test_influxdb_running[ansible://fedora30-vm-influxdb-service]>, <Function test_influxdb_running[ansible://fedora30-vm-firewalld]>] [hook]
        pytest_pycollect_makeitem [hook]
            collector: <Module tests/test_default.py>
            name: __repr__
            obj: <slot wrapper '__repr__' of 'module' objects>
        finish pytest_pycollect_makeitem --> None [hook]
        pytest_pycollect_makeitem [hook]
            collector: <Module tests/test_default.py>
            name: __getattribute__
            obj: <slot wrapper '__getattribute__' of 'module' objects>
        finish pytest_pycollect_makeitem --> None [hook]
        pytest_pycollect_makeitem [hook]
            collector: <Module tests/test_default.py>
            name: __setattr__
            obj: <slot wrapper '__setattr__' of 'module' objects>
        finish pytest_pycollect_makeitem --> None [hook]
        pytest_pycollect_makeitem [hook]
            collector: <Module tests/test_default.py>
            name: __delattr__
            obj: <slot wrapper '__delattr__' of 'module' objects>
        finish pytest_pycollect_makeitem --> None [hook]
        pytest_pycollect_makeitem [hook]
            collector: <Module tests/test_default.py>
            name: __init__
            obj: <slot wrapper '__init__' of 'module' objects>
        finish pytest_pycollect_makeitem --> None [hook]
        pytest_pycollect_makeitem [hook]
            collector: <Module tests/test_default.py>
            name: __new__
            obj: <built-in method __new__ of type object at 0x103724a30>
        finish pytest_pycollect_makeitem --> None [hook]
        pytest_pycollect_makeitem [hook]
            collector: <Module tests/test_default.py>
            name: __dir__
            obj: <method '__dir__' of 'module' objects>
        finish pytest_pycollect_makeitem --> None [hook]
        pytest_pycollect_makeitem [hook]
            collector: <Module tests/test_default.py>
            name: __dict__
            obj: <member '__dict__' of 'module' objects>
        finish pytest_pycollect_makeitem --> None [hook]
        pytest_pycollect_makeitem [hook]
            collector: <Module tests/test_default.py>
            name: __hash__
            obj: <slot wrapper '__hash__' of 'object' objects>
        finish pytest_pycollect_makeitem --> None [hook]
        pytest_pycollect_makeitem [hook]
            collector: <Module tests/test_default.py>
            name: __str__
            obj: <slot wrapper '__str__' of 'object' objects>
        finish pytest_pycollect_makeitem --> None [hook]
        pytest_pycollect_makeitem [hook]
            collector: <Module tests/test_default.py>
            name: __lt__
            obj: <slot wrapper '__lt__' of 'object' objects>
        finish pytest_pycollect_makeitem --> None [hook]
        pytest_pycollect_makeitem [hook]
            collector: <Module tests/test_default.py>
            name: __le__
            obj: <slot wrapper '__le__' of 'object' objects>
        finish pytest_pycollect_makeitem --> None [hook]
        pytest_pycollect_makeitem [hook]
            collector: <Module tests/test_default.py>
            name: __eq__
            obj: <slot wrapper '__eq__' of 'object' objects>
        finish pytest_pycollect_makeitem --> None [hook]
        pytest_pycollect_makeitem [hook]
            collector: <Module tests/test_default.py>
            name: __ne__
            obj: <slot wrapper '__ne__' of 'object' objects>
        finish pytest_pycollect_makeitem --> None [hook]
        pytest_pycollect_makeitem [hook]
            collector: <Module tests/test_default.py>
            name: __gt__
            obj: <slot wrapper '__gt__' of 'object' objects>
        finish pytest_pycollect_makeitem --> None [hook]
        pytest_pycollect_makeitem [hook]
            collector: <Module tests/test_default.py>
            name: __ge__
            obj: <slot wrapper '__ge__' of 'object' objects>
        finish pytest_pycollect_makeitem --> None [hook]
        pytest_pycollect_makeitem [hook]
            collector: <Module tests/test_default.py>
            name: __reduce_ex__
            obj: <method '__reduce_ex__' of 'object' objects>
        finish pytest_pycollect_makeitem --> None [hook]
        pytest_pycollect_makeitem [hook]
            collector: <Module tests/test_default.py>
            name: __reduce__
            obj: <method '__reduce__' of 'object' objects>
        finish pytest_pycollect_makeitem --> None [hook]
        pytest_pycollect_makeitem [hook]
            collector: <Module tests/test_default.py>
            name: __subclasshook__
            obj: <method '__subclasshook__' of 'object' objects>
        finish pytest_pycollect_makeitem --> None [hook]
        pytest_pycollect_makeitem [hook]
            collector: <Module tests/test_default.py>
            name: __init_subclass__
            obj: <method '__init_subclass__' of 'object' objects>
        finish pytest_pycollect_makeitem --> None [hook]
        pytest_pycollect_makeitem [hook]
            collector: <Module tests/test_default.py>
            name: __format__
            obj: <method '__format__' of 'object' objects>
        finish pytest_pycollect_makeitem --> None [hook]
        pytest_pycollect_makeitem [hook]
            collector: <Module tests/test_default.py>
            name: __sizeof__
            obj: <method '__sizeof__' of 'object' objects>
        finish pytest_pycollect_makeitem --> None [hook]
        pytest_pycollect_makeitem [hook]
            collector: <Module tests/test_default.py>
            name: __class__
            obj: <attribute '__class__' of 'object' objects>
        finish pytest_pycollect_makeitem --> None [hook]
      finish pytest_make_collect_report --> <CollectReport 'tests/test_default.py' lenresult=8 outcome='passed'> [hook]
    genitems <Function test_influx_packages_installed[ansible://fedora30-vm-podman]> [collection]
      pytest_itemcollected [hook]
          item: <Function test_influx_packages_installed[ansible://fedora30-vm-podman]>
      finish pytest_itemcollected --> [] [hook]
    genitems <Function test_influx_packages_installed[ansible://fedora30-vm-python3-influxdb]> [collection]
      pytest_itemcollected [hook]
          item: <Function test_influx_packages_installed[ansible://fedora30-vm-python3-influxdb]>
      finish pytest_itemcollected --> [] [hook]
    genitems <Function test_influx_packages_installed[ansible://fedora30-vm-firewalld]> [collection]
      pytest_itemcollected [hook]
          item: <Function test_influx_packages_installed[ansible://fedora30-vm-firewalld]>
      finish pytest_itemcollected --> [] [hook]
    genitems <Function test_influxdb_systemd_config[ansible://fedora30-vm]> [collection]
      pytest_itemcollected [hook]
          item: <Function test_influxdb_systemd_config[ansible://fedora30-vm]>
      finish pytest_itemcollected --> [] [hook]
    genitems <Function test_influxdb_user[ansible://fedora30-vm]> [collection]
      pytest_itemcollected [hook]
          item: <Function test_influxdb_user[ansible://fedora30-vm]>
      finish pytest_itemcollected --> [] [hook]
    genitems <Function test_influxdb_config[ansible://fedora30-vm]> [collection]
      pytest_itemcollected [hook]
          item: <Function test_influxdb_config[ansible://fedora30-vm]>
      finish pytest_itemcollected --> [] [hook]
    genitems <Function test_influxdb_running[ansible://fedora30-vm-influxdb-service]> [collection]
      pytest_itemcollected [hook]
          item: <Function test_influxdb_running[ansible://fedora30-vm-influxdb-service]>
      finish pytest_itemcollected --> [] [hook]
    genitems <Function test_influxdb_running[ansible://fedora30-vm-firewalld]> [collection]
      pytest_itemcollected [hook]
          item: <Function test_influxdb_running[ansible://fedora30-vm-firewalld]>
      finish pytest_itemcollected --> [] [hook]
      pytest_collectreport [hook]
          report: <CollectReport 'tests/test_default.py' lenresult=8 outcome='passed'>
      finish pytest_collectreport --> [] [hook]
      pytest_collection_modifyitems [hook]
          session: <Session molecule exitstatus=<ExitCode.OK: 0> testsfailed=0 testscollected=0>
          config: <_pytest.config.Config object at 0x10460dc50>
          items: [<Function test_influx_packages_installed[ansible://fedora30-vm-podman]>, <Function test_influx_packages_installed[ansible://fedora30-vm-python3-influxdb]>, <Function test_influx_packages_installed[ansible://fedora30-vm-firewalld]>, <Function test_influxdb_systemd_config[ansible://fedora30-vm]>, <Function test_influxdb_user[ansible://fedora30-vm]>, <Function test_influxdb_config[ansible://fedora30-vm]>, <Function test_influxdb_running[ansible://fedora30-vm-influxdb-service]>, <Function test_influxdb_running[ansible://fedora30-vm-firewalld]>]
      finish pytest_collection_modifyitems --> [] [hook]
      pytest_collection_finish [hook]
          session: <Session molecule exitstatus=<ExitCode.OK: 0> testsfailed=0 testscollected=0>
        pytest_report_collectionfinish [hook]
            config: <_pytest.config.Config object at 0x10460dc50>
            startdir: /Users/gtema/workspace/otc/ansible-role-influxdb/molecule/vagrant
            items: [<Function test_influx_packages_installed[ansible://fedora30-vm-podman]>, <Function test_influx_packages_installed[ansible://fedora30-vm-python3-influxdb]>, <Function test_influx_packages_installed[ansible://fedora30-vm-firewalld]>, <Function test_influxdb_systemd_config[ansible://fedora30-vm]>, <Function test_influxdb_user[ansible://fedora30-vm]>, <Function test_influxdb_config[ansible://fedora30-vm]>, <Function test_influxdb_running[ansible://fedora30-vm-influxdb-service]>, <Function test_influxdb_running[ansible://fedora30-vm-firewalld]>]
        finish pytest_report_collectionfinish --> [] [hook]
      finish pytest_collection_finish --> [] [hook]
    finish pytest_collection --> [<Function test_influx_packages_installed[ansible://fedora30-vm-podman]>, <Function test_influx_packages_installed[ansible://fedora30-vm-python3-influxdb]>, <Function test_influx_packages_installed[ansible://fedora30-vm-firewalld]>, <Function test_influxdb_systemd_config[ansible://fedora30-vm]>, <Function test_influxdb_user[ansible://fedora30-vm]>, <Function test_influxdb_config[ansible://fedora30-vm]>, <Function test_influxdb_running[ansible://fedora30-vm-influxdb-service]>, <Function test_influxdb_running[ansible://fedora30-vm-firewalld]>] [hook]
    pytest_runtestloop [hook]
        session: <Session molecule exitstatus=<ExitCode.OK: 0> testsfailed=0 testscollected=8>
      pytest_runtest_protocol [hook]
          item: <Function test_influx_packages_installed[ansible://fedora30-vm-podman]>
          nextitem: <Function test_influx_packages_installed[ansible://fedora30-vm-python3-influxdb]>
        pytest_runtest_logstart [hook]
            nodeid: tests/test_default.py::test_influx_packages_installed[ansible://fedora30-vm-podman]
            location: ('tests/test_default.py', 11, 'test_influx_packages_installed[ansible://fedora30-vm-podman]')
        early skip of rewriting module: py._io.capture [assertion]
        finish pytest_runtest_logstart --> [] [hook]
        pytest_runtest_setup [hook]
            item: <Function test_influx_packages_installed[ansible://fedora30-vm-podman]>
          pytest_fixture_setup [hook]
              fixturedef: <FixtureDef argname='_testinfra_host' scope='module' baseid=''>
              request: <SubRequest '_testinfra_host' for <Function test_influx_packages_installed[ansible://fedora30-vm-podman]>>
          finish pytest_fixture_setup --> <testinfra.host.Host object at 0x10491ae10> [hook]
          pytest_fixture_setup [hook]
              fixturedef: <FixtureDef argname='host' scope='module' baseid=''>
              request: <SubRequest 'host' for <Function test_influx_packages_installed[ansible://fedora30-vm-podman]>>
          finish pytest_fixture_setup --> <testinfra.host.Host object at 0x10491ae10> [hook]
          pytest_fixture_setup [hook]
              fixturedef: <FixtureDef argname='pkg' scope='function' baseid=''>
              request: <SubRequest 'pkg' for <Function test_influx_packages_installed[ansible://fedora30-vm-podman]>>
          finish pytest_fixture_setup --> podman [hook]
        finish pytest_runtest_setup --> [] [hook]
        pytest_runtest_makereport [hook]
            item: <Function test_influx_packages_installed[ansible://fedora30-vm-podman]>
            call: <CallInfo when='setup' result: []>
        finish pytest_runtest_makereport --> <TestReport 'tests/test_default.py::test_influx_packages_installed[ansible://fedora30-vm-podman]' when='setup' outcome='passed'> [hook]
        pytest_runtest_logreport [hook]
            report: <TestReport 'tests/test_default.py::test_influx_packages_installed[ansible://fedora30-vm-podman]' when='setup' outcome='passed'>
          pytest_report_teststatus [hook]
              report: <TestReport 'tests/test_default.py::test_influx_packages_installed[ansible://fedora30-vm-podman]' when='setup' outcome='passed'>
              config: <_pytest.config.Config object at 0x10460dc50>
          finish pytest_report_teststatus --> ('', '', '') [hook]
        finish pytest_runtest_logreport --> [] [hook]
        pytest_runtest_call [hook]
            item: <Function test_influx_packages_installed[ansible://fedora30-vm-podman]>
          pytest_pyfunc_call [hook]
              pyfuncitem: <Function test_influx_packages_installed[ansible://fedora30-vm-podman]>
          matched marked file 'testinfra.modules.package' (from 'testinfra') [assertion]
          find_module called for: testinfra.modules.package [assertion]
          found cached rewritten pyc for '/usr/local/lib/python3.7/site-packages/testinfra/modules/package.py' [assertion]
          matched marked file 'testinfra.modules.base' (from 'testinfra') [assertion]
          find_module called for: testinfra.modules.base [assertion]
          found cached rewritten pyc for '/usr/local/lib/python3.7/site-packages/testinfra/modules/base.py' [assertion]
          matched marked file 'testinfra.modules.systeminfo' (from 'testinfra') [assertion]
          find_module called for: testinfra.modules.systeminfo [assertion]
          found cached rewritten pyc for '/usr/local/lib/python3.7/site-packages/testinfra/modules/systeminfo.py' [assertion]
          matched marked file 'testinfra.backend.ssh' (from 'testinfra') [assertion]
          find_module called for: testinfra.backend.ssh [assertion]
          found cached rewritten pyc for '/usr/local/lib/python3.7/site-packages/testinfra/backend/ssh.py' [assertion]
          finish pytest_pyfunc_call --> True [hook]
        finish pytest_runtest_call --> [] [hook]
        pytest_runtest_makereport [hook]
            item: <Function test_influx_packages_installed[ansible://fedora30-vm-podman]>
            call: <CallInfo when='call' result: []>
        finish pytest_runtest_makereport --> <TestReport 'tests/test_default.py::test_influx_packages_installed[ansible://fedora30-vm-podman]' when='call' outcome='passed'> [hook]
        pytest_runtest_logreport [hook]
            report: <TestReport 'tests/test_default.py::test_influx_packages_installed[ansible://fedora30-vm-podman]' when='call' outcome='passed'>
          pytest_report_teststatus [hook]
              report: <TestReport 'tests/test_default.py::test_influx_packages_installed[ansible://fedora30-vm-podman]' when='call' outcome='passed'>
              config: <_pytest.config.Config object at 0x10460dc50>
          finish pytest_report_teststatus --> ('passed', '.', 'PASSED') [hook]
        finish pytest_runtest_logreport --> [] [hook]
        pytest_runtest_teardown [hook]
            item: <Function test_influx_packages_installed[ansible://fedora30-vm-podman]>
            nextitem: <Function test_influx_packages_installed[ansible://fedora30-vm-python3-influxdb]>
          pytest_fixture_post_finalizer [hook]
              fixturedef: <FixtureDef argname='pkg' scope='function' baseid=''>
              request: <SubRequest 'pkg' for <Function test_influx_packages_installed[ansible://fedora30-vm-podman]>>
          finish pytest_fixture_post_finalizer --> [] [hook]
        finish pytest_runtest_teardown --> [] [hook]
        pytest_runtest_makereport [hook]
            item: <Function test_influx_packages_installed[ansible://fedora30-vm-podman]>
            call: <CallInfo when='teardown' result: []>
        finish pytest_runtest_makereport --> <TestReport 'tests/test_default.py::test_influx_packages_installed[ansible://fedora30-vm-podman]' when='teardown' outcome='passed'> [hook]
        pytest_runtest_logreport [hook]
            report: <TestReport 'tests/test_default.py::test_influx_packages_installed[ansible://fedora30-vm-podman]' when='teardown' outcome='passed'>
          pytest_report_teststatus [hook]
              report: <TestReport 'tests/test_default.py::test_influx_packages_installed[ansible://fedora30-vm-podman]' when='teardown' outcome='passed'>
              config: <_pytest.config.Config object at 0x10460dc50>
          finish pytest_report_teststatus --> ('', '', '') [hook]
        finish pytest_runtest_logreport --> [] [hook]
        pytest_runtest_logfinish [hook]
            nodeid: tests/test_default.py::test_influx_packages_installed[ansible://fedora30-vm-podman]
            location: ('tests/test_default.py', 11, 'test_influx_packages_installed[ansible://fedora30-vm-podman]')
        finish pytest_runtest_logfinish --> [] [hook]
      finish pytest_runtest_protocol --> True [hook]
      pytest_runtest_protocol [hook]
          item: <Function test_influx_packages_installed[ansible://fedora30-vm-python3-influxdb]>
          nextitem: <Function test_influx_packages_installed[ansible://fedora30-vm-firewalld]>
        pytest_runtest_logstart [hook]
            nodeid: tests/test_default.py::test_influx_packages_installed[ansible://fedora30-vm-python3-influxdb]
            location: ('tests/test_default.py', 11, 'test_influx_packages_installed[ansible://fedora30-vm-python3-influxdb]')
        finish pytest_runtest_logstart --> [] [hook]
        pytest_runtest_setup [hook]
            item: <Function test_influx_packages_installed[ansible://fedora30-vm-python3-influxdb]>
          pytest_fixture_setup [hook]
              fixturedef: <FixtureDef argname='pkg' scope='function' baseid=''>
              request: <SubRequest 'pkg' for <Function test_influx_packages_installed[ansible://fedora30-vm-python3-influxdb]>>
          finish pytest_fixture_setup --> python3-influxdb [hook]
        finish pytest_runtest_setup --> [] [hook]
        pytest_runtest_makereport [hook]
            item: <Function test_influx_packages_installed[ansible://fedora30-vm-python3-influxdb]>
            call: <CallInfo when='setup' result: []>
        finish pytest_runtest_makereport --> <TestReport 'tests/test_default.py::test_influx_packages_installed[ansible://fedora30-vm-python3-influxdb]' when='setup' outcome='passed'> [hook]
        pytest_runtest_logreport [hook]
            report: <TestReport 'tests/test_default.py::test_influx_packages_installed[ansible://fedora30-vm-python3-influxdb]' when='setup' outcome='passed'>
          pytest_report_teststatus [hook]
              report: <TestReport 'tests/test_default.py::test_influx_packages_installed[ansible://fedora30-vm-python3-influxdb]' when='setup' outcome='passed'>
              config: <_pytest.config.Config object at 0x10460dc50>
          finish pytest_report_teststatus --> ('', '', '') [hook]
        finish pytest_runtest_logreport --> [] [hook]
        pytest_runtest_call [hook]
            item: <Function test_influx_packages_installed[ansible://fedora30-vm-python3-influxdb]>
          pytest_pyfunc_call [hook]
              pyfuncitem: <Function test_influx_packages_installed[ansible://fedora30-vm-python3-influxdb]>
          finish pytest_pyfunc_call --> True [hook]
        finish pytest_runtest_call --> [] [hook]
        pytest_runtest_makereport [hook]
            item: <Function test_influx_packages_installed[ansible://fedora30-vm-python3-influxdb]>
            call: <CallInfo when='call' result: []>
        finish pytest_runtest_makereport --> <TestReport 'tests/test_default.py::test_influx_packages_installed[ansible://fedora30-vm-python3-influxdb]' when='call' outcome='passed'> [hook]
        pytest_runtest_logreport [hook]
            report: <TestReport 'tests/test_default.py::test_influx_packages_installed[ansible://fedora30-vm-python3-influxdb]' when='call' outcome='passed'>
          pytest_report_teststatus [hook]
              report: <TestReport 'tests/test_default.py::test_influx_packages_installed[ansible://fedora30-vm-python3-influxdb]' when='call' outcome='passed'>
              config: <_pytest.config.Config object at 0x10460dc50>
          finish pytest_report_teststatus --> ('passed', '.', 'PASSED') [hook]
        finish pytest_runtest_logreport --> [] [hook]
        pytest_runtest_teardown [hook]
            item: <Function test_influx_packages_installed[ansible://fedora30-vm-python3-influxdb]>
            nextitem: <Function test_influx_packages_installed[ansible://fedora30-vm-firewalld]>
          pytest_fixture_post_finalizer [hook]
              fixturedef: <FixtureDef argname='pkg' scope='function' baseid=''>
              request: <SubRequest 'pkg' for <Function test_influx_packages_installed[ansible://fedora30-vm-python3-influxdb]>>
          finish pytest_fixture_post_finalizer --> [] [hook]
        finish pytest_runtest_teardown --> [] [hook]
        pytest_runtest_makereport [hook]
            item: <Function test_influx_packages_installed[ansible://fedora30-vm-python3-influxdb]>
            call: <CallInfo when='teardown' result: []>
        finish pytest_runtest_makereport --> <TestReport 'tests/test_default.py::test_influx_packages_installed[ansible://fedora30-vm-python3-influxdb]' when='teardown' outcome='passed'> [hook]
        pytest_runtest_logreport [hook]
            report: <TestReport 'tests/test_default.py::test_influx_packages_installed[ansible://fedora30-vm-python3-influxdb]' when='teardown' outcome='passed'>
          pytest_report_teststatus [hook]
              report: <TestReport 'tests/test_default.py::test_influx_packages_installed[ansible://fedora30-vm-python3-influxdb]' when='teardown' outcome='passed'>
              config: <_pytest.config.Config object at 0x10460dc50>
          finish pytest_report_teststatus --> ('', '', '') [hook]
        finish pytest_runtest_logreport --> [] [hook]
        pytest_runtest_logfinish [hook]
            nodeid: tests/test_default.py::test_influx_packages_installed[ansible://fedora30-vm-python3-influxdb]
            location: ('tests/test_default.py', 11, 'test_influx_packages_installed[ansible://fedora30-vm-python3-influxdb]')
        finish pytest_runtest_logfinish --> [] [hook]
      finish pytest_runtest_protocol --> True [hook]
      pytest_runtest_protocol [hook]
          item: <Function test_influx_packages_installed[ansible://fedora30-vm-firewalld]>
          nextitem: <Function test_influxdb_systemd_config[ansible://fedora30-vm]>
        pytest_runtest_logstart [hook]
            nodeid: tests/test_default.py::test_influx_packages_installed[ansible://fedora30-vm-firewalld]
            location: ('tests/test_default.py', 11, 'test_influx_packages_installed[ansible://fedora30-vm-firewalld]')
        finish pytest_runtest_logstart --> [] [hook]
        pytest_runtest_setup [hook]
            item: <Function test_influx_packages_installed[ansible://fedora30-vm-firewalld]>
          pytest_fixture_setup [hook]
              fixturedef: <FixtureDef argname='pkg' scope='function' baseid=''>
              request: <SubRequest 'pkg' for <Function test_influx_packages_installed[ansible://fedora30-vm-firewalld]>>
          finish pytest_fixture_setup --> firewalld [hook]
        finish pytest_runtest_setup --> [] [hook]
        pytest_runtest_makereport [hook]
            item: <Function test_influx_packages_installed[ansible://fedora30-vm-firewalld]>
            call: <CallInfo when='setup' result: []>
        finish pytest_runtest_makereport --> <TestReport 'tests/test_default.py::test_influx_packages_installed[ansible://fedora30-vm-firewalld]' when='setup' outcome='passed'> [hook]
        pytest_runtest_logreport [hook]
            report: <TestReport 'tests/test_default.py::test_influx_packages_installed[ansible://fedora30-vm-firewalld]' when='setup' outcome='passed'>
          pytest_report_teststatus [hook]
              report: <TestReport 'tests/test_default.py::test_influx_packages_installed[ansible://fedora30-vm-firewalld]' when='setup' outcome='passed'>
              config: <_pytest.config.Config object at 0x10460dc50>
          finish pytest_report_teststatus --> ('', '', '') [hook]
        finish pytest_runtest_logreport --> [] [hook]
        pytest_runtest_call [hook]
            item: <Function test_influx_packages_installed[ansible://fedora30-vm-firewalld]>
          pytest_pyfunc_call [hook]
              pyfuncitem: <Function test_influx_packages_installed[ansible://fedora30-vm-firewalld]>
          finish pytest_pyfunc_call --> True [hook]
        finish pytest_runtest_call --> [] [hook]
        pytest_runtest_makereport [hook]
            item: <Function test_influx_packages_installed[ansible://fedora30-vm-firewalld]>
            call: <CallInfo when='call' result: []>
        finish pytest_runtest_makereport --> <TestReport 'tests/test_default.py::test_influx_packages_installed[ansible://fedora30-vm-firewalld]' when='call' outcome='passed'> [hook]
        pytest_runtest_logreport [hook]
            report: <TestReport 'tests/test_default.py::test_influx_packages_installed[ansible://fedora30-vm-firewalld]' when='call' outcome='passed'>
          pytest_report_teststatus [hook]
              report: <TestReport 'tests/test_default.py::test_influx_packages_installed[ansible://fedora30-vm-firewalld]' when='call' outcome='passed'>
              config: <_pytest.config.Config object at 0x10460dc50>
          finish pytest_report_teststatus --> ('passed', '.', 'PASSED') [hook]
        finish pytest_runtest_logreport --> [] [hook]
        pytest_runtest_teardown [hook]
            item: <Function test_influx_packages_installed[ansible://fedora30-vm-firewalld]>
            nextitem: <Function test_influxdb_systemd_config[ansible://fedora30-vm]>
          pytest_fixture_post_finalizer [hook]
              fixturedef: <FixtureDef argname='pkg' scope='function' baseid=''>
              request: <SubRequest 'pkg' for <Function test_influx_packages_installed[ansible://fedora30-vm-firewalld]>>
          finish pytest_fixture_post_finalizer --> [] [hook]
        finish pytest_runtest_teardown --> [] [hook]
        pytest_runtest_makereport [hook]
            item: <Function test_influx_packages_installed[ansible://fedora30-vm-firewalld]>
            call: <CallInfo when='teardown' result: []>
        finish pytest_runtest_makereport --> <TestReport 'tests/test_default.py::test_influx_packages_installed[ansible://fedora30-vm-firewalld]' when='teardown' outcome='passed'> [hook]
        pytest_runtest_logreport [hook]
            report: <TestReport 'tests/test_default.py::test_influx_packages_installed[ansible://fedora30-vm-firewalld]' when='teardown' outcome='passed'>
          pytest_report_teststatus [hook]
              report: <TestReport 'tests/test_default.py::test_influx_packages_installed[ansible://fedora30-vm-firewalld]' when='teardown' outcome='passed'>
              config: <_pytest.config.Config object at 0x10460dc50>
          finish pytest_report_teststatus --> ('', '', '') [hook]
        finish pytest_runtest_logreport --> [] [hook]
        pytest_runtest_logfinish [hook]
            nodeid: tests/test_default.py::test_influx_packages_installed[ansible://fedora30-vm-firewalld]
            location: ('tests/test_default.py', 11, 'test_influx_packages_installed[ansible://fedora30-vm-firewalld]')
        finish pytest_runtest_logfinish --> [] [hook]
      finish pytest_runtest_protocol --> True [hook]
      pytest_runtest_protocol [hook]
          item: <Function test_influxdb_systemd_config[ansible://fedora30-vm]>
          nextitem: <Function test_influxdb_user[ansible://fedora30-vm]>
        pytest_runtest_logstart [hook]
            nodeid: tests/test_default.py::test_influxdb_systemd_config[ansible://fedora30-vm]
            location: ('tests/test_default.py', 22, 'test_influxdb_systemd_config[ansible://fedora30-vm]')
        finish pytest_runtest_logstart --> [] [hook]
        pytest_runtest_setup [hook]
            item: <Function test_influxdb_systemd_config[ansible://fedora30-vm]>
        finish pytest_runtest_setup --> [] [hook]
        pytest_runtest_makereport [hook]
            item: <Function test_influxdb_systemd_config[ansible://fedora30-vm]>
            call: <CallInfo when='setup' result: []>
        finish pytest_runtest_makereport --> <TestReport 'tests/test_default.py::test_influxdb_systemd_config[ansible://fedora30-vm]' when='setup' outcome='passed'> [hook]
        pytest_runtest_logreport [hook]
            report: <TestReport 'tests/test_default.py::test_influxdb_systemd_config[ansible://fedora30-vm]' when='setup' outcome='passed'>
          pytest_report_teststatus [hook]
              report: <TestReport 'tests/test_default.py::test_influxdb_systemd_config[ansible://fedora30-vm]' when='setup' outcome='passed'>
              config: <_pytest.config.Config object at 0x10460dc50>
          finish pytest_report_teststatus --> ('', '', '') [hook]
        finish pytest_runtest_logreport --> [] [hook]
        pytest_runtest_call [hook]
            item: <Function test_influxdb_systemd_config[ansible://fedora30-vm]>
          pytest_pyfunc_call [hook]
              pyfuncitem: <Function test_influxdb_systemd_config[ansible://fedora30-vm]>
          matched marked file 'testinfra.modules.file' (from 'testinfra') [assertion]
          find_module called for: testinfra.modules.file [assertion]
          found cached rewritten pyc for '/usr/local/lib/python3.7/site-packages/testinfra/modules/file.py' [assertion]
          finish pytest_pyfunc_call --> True [hook]
        finish pytest_runtest_call --> [] [hook]
        pytest_runtest_makereport [hook]
            item: <Function test_influxdb_systemd_config[ansible://fedora30-vm]>
            call: <CallInfo when='call' result: []>
        finish pytest_runtest_makereport --> <TestReport 'tests/test_default.py::test_influxdb_systemd_config[ansible://fedora30-vm]' when='call' outcome='passed'> [hook]
        pytest_runtest_logreport [hook]
            report: <TestReport 'tests/test_default.py::test_influxdb_systemd_config[ansible://fedora30-vm]' when='call' outcome='passed'>
          pytest_report_teststatus [hook]
              report: <TestReport 'tests/test_default.py::test_influxdb_systemd_config[ansible://fedora30-vm]' when='call' outcome='passed'>
              config: <_pytest.config.Config object at 0x10460dc50>
          finish pytest_report_teststatus --> ('passed', '.', 'PASSED') [hook]
        finish pytest_runtest_logreport --> [] [hook]
        pytest_runtest_teardown [hook]
            item: <Function test_influxdb_systemd_config[ansible://fedora30-vm]>
            nextitem: <Function test_influxdb_user[ansible://fedora30-vm]>
        finish pytest_runtest_teardown --> [] [hook]
        pytest_runtest_makereport [hook]
            item: <Function test_influxdb_systemd_config[ansible://fedora30-vm]>
            call: <CallInfo when='teardown' result: []>
        finish pytest_runtest_makereport --> <TestReport 'tests/test_default.py::test_influxdb_systemd_config[ansible://fedora30-vm]' when='teardown' outcome='passed'> [hook]
        pytest_runtest_logreport [hook]
            report: <TestReport 'tests/test_default.py::test_influxdb_systemd_config[ansible://fedora30-vm]' when='teardown' outcome='passed'>
          pytest_report_teststatus [hook]
              report: <TestReport 'tests/test_default.py::test_influxdb_systemd_config[ansible://fedora30-vm]' when='teardown' outcome='passed'>
              config: <_pytest.config.Config object at 0x10460dc50>
          finish pytest_report_teststatus --> ('', '', '') [hook]
        finish pytest_runtest_logreport --> [] [hook]
        pytest_runtest_logfinish [hook]
            nodeid: tests/test_default.py::test_influxdb_systemd_config[ansible://fedora30-vm]
            location: ('tests/test_default.py', 22, 'test_influxdb_systemd_config[ansible://fedora30-vm]')
        finish pytest_runtest_logfinish --> [] [hook]
      finish pytest_runtest_protocol --> True [hook]
      pytest_runtest_protocol [hook]
          item: <Function test_influxdb_user[ansible://fedora30-vm]>
          nextitem: <Function test_influxdb_config[ansible://fedora30-vm]>
        pytest_runtest_logstart [hook]
            nodeid: tests/test_default.py::test_influxdb_user[ansible://fedora30-vm]
            location: ('tests/test_default.py', 30, 'test_influxdb_user[ansible://fedora30-vm]')
        finish pytest_runtest_logstart --> [] [hook]
        pytest_runtest_setup [hook]
            item: <Function test_influxdb_user[ansible://fedora30-vm]>
        finish pytest_runtest_setup --> [] [hook]
        pytest_runtest_makereport [hook]
            item: <Function test_influxdb_user[ansible://fedora30-vm]>
            call: <CallInfo when='setup' result: []>
        finish pytest_runtest_makereport --> <TestReport 'tests/test_default.py::test_influxdb_user[ansible://fedora30-vm]' when='setup' outcome='passed'> [hook]
        pytest_runtest_logreport [hook]
            report: <TestReport 'tests/test_default.py::test_influxdb_user[ansible://fedora30-vm]' when='setup' outcome='passed'>
          pytest_report_teststatus [hook]
              report: <TestReport 'tests/test_default.py::test_influxdb_user[ansible://fedora30-vm]' when='setup' outcome='passed'>
              config: <_pytest.config.Config object at 0x10460dc50>
          finish pytest_report_teststatus --> ('', '', '') [hook]
        finish pytest_runtest_logreport --> [] [hook]
        pytest_runtest_call [hook]
            item: <Function test_influxdb_user[ansible://fedora30-vm]>
          pytest_pyfunc_call [hook]
              pyfuncitem: <Function test_influxdb_user[ansible://fedora30-vm]>
          matched marked file 'testinfra.modules.user' (from 'testinfra') [assertion]
          find_module called for: testinfra.modules.user [assertion]
          found cached rewritten pyc for '/usr/local/lib/python3.7/site-packages/testinfra/modules/user.py' [assertion]
          finish pytest_pyfunc_call --> True [hook]
        finish pytest_runtest_call --> [] [hook]
        pytest_runtest_makereport [hook]
            item: <Function test_influxdb_user[ansible://fedora30-vm]>
            call: <CallInfo when='call' result: []>
        finish pytest_runtest_makereport --> <TestReport 'tests/test_default.py::test_influxdb_user[ansible://fedora30-vm]' when='call' outcome='passed'> [hook]
        pytest_runtest_logreport [hook]
            report: <TestReport 'tests/test_default.py::test_influxdb_user[ansible://fedora30-vm]' when='call' outcome='passed'>
          pytest_report_teststatus [hook]
              report: <TestReport 'tests/test_default.py::test_influxdb_user[ansible://fedora30-vm]' when='call' outcome='passed'>
              config: <_pytest.config.Config object at 0x10460dc50>
          finish pytest_report_teststatus --> ('passed', '.', 'PASSED') [hook]
        finish pytest_runtest_logreport --> [] [hook]
        pytest_runtest_teardown [hook]
            item: <Function test_influxdb_user[ansible://fedora30-vm]>
            nextitem: <Function test_influxdb_config[ansible://fedora30-vm]>
        finish pytest_runtest_teardown --> [] [hook]
        pytest_runtest_makereport [hook]
            item: <Function test_influxdb_user[ansible://fedora30-vm]>
            call: <CallInfo when='teardown' result: []>
        finish pytest_runtest_makereport --> <TestReport 'tests/test_default.py::test_influxdb_user[ansible://fedora30-vm]' when='teardown' outcome='passed'> [hook]
        pytest_runtest_logreport [hook]
            report: <TestReport 'tests/test_default.py::test_influxdb_user[ansible://fedora30-vm]' when='teardown' outcome='passed'>
          pytest_report_teststatus [hook]
              report: <TestReport 'tests/test_default.py::test_influxdb_user[ansible://fedora30-vm]' when='teardown' outcome='passed'>
              config: <_pytest.config.Config object at 0x10460dc50>
          finish pytest_report_teststatus --> ('', '', '') [hook]
        finish pytest_runtest_logreport --> [] [hook]
        pytest_runtest_logfinish [hook]
            nodeid: tests/test_default.py::test_influxdb_user[ansible://fedora30-vm]
            location: ('tests/test_default.py', 30, 'test_influxdb_user[ansible://fedora30-vm]')
        finish pytest_runtest_logfinish --> [] [hook]
      finish pytest_runtest_protocol --> True [hook]
      pytest_runtest_protocol [hook]
          item: <Function test_influxdb_config[ansible://fedora30-vm]>
          nextitem: <Function test_influxdb_running[ansible://fedora30-vm-influxdb-service]>
        pytest_runtest_logstart [hook]
            nodeid: tests/test_default.py::test_influxdb_config[ansible://fedora30-vm]
            location: ('tests/test_default.py', 36, 'test_influxdb_config[ansible://fedora30-vm]')
        finish pytest_runtest_logstart --> [] [hook]
        pytest_runtest_setup [hook]
            item: <Function test_influxdb_config[ansible://fedora30-vm]>
        finish pytest_runtest_setup --> [] [hook]
        pytest_runtest_makereport [hook]
            item: <Function test_influxdb_config[ansible://fedora30-vm]>
            call: <CallInfo when='setup' result: []>
        finish pytest_runtest_makereport --> <TestReport 'tests/test_default.py::test_influxdb_config[ansible://fedora30-vm]' when='setup' outcome='passed'> [hook]
        pytest_runtest_logreport [hook]
            report: <TestReport 'tests/test_default.py::test_influxdb_config[ansible://fedora30-vm]' when='setup' outcome='passed'>
          pytest_report_teststatus [hook]
              report: <TestReport 'tests/test_default.py::test_influxdb_config[ansible://fedora30-vm]' when='setup' outcome='passed'>
              config: <_pytest.config.Config object at 0x10460dc50>
          finish pytest_report_teststatus --> ('', '', '') [hook]
        finish pytest_runtest_logreport --> [] [hook]
        pytest_runtest_call [hook]
            item: <Function test_influxdb_config[ansible://fedora30-vm]>
          pytest_pyfunc_call [hook]
              pyfuncitem: <Function test_influxdb_config[ansible://fedora30-vm]>
          finish pytest_pyfunc_call --> True [hook]
        finish pytest_runtest_call --> [] [hook]
        pytest_runtest_makereport [hook]
            item: <Function test_influxdb_config[ansible://fedora30-vm]>
            call: <CallInfo when='call' result: []>
        finish pytest_runtest_makereport --> <TestReport 'tests/test_default.py::test_influxdb_config[ansible://fedora30-vm]' when='call' outcome='passed'> [hook]
        pytest_runtest_logreport [hook]
            report: <TestReport 'tests/test_default.py::test_influxdb_config[ansible://fedora30-vm]' when='call' outcome='passed'>
          pytest_report_teststatus [hook]
              report: <TestReport 'tests/test_default.py::test_influxdb_config[ansible://fedora30-vm]' when='call' outcome='passed'>
              config: <_pytest.config.Config object at 0x10460dc50>
          finish pytest_report_teststatus --> ('passed', '.', 'PASSED') [hook]
        finish pytest_runtest_logreport --> [] [hook]
        pytest_runtest_teardown [hook]
            item: <Function test_influxdb_config[ansible://fedora30-vm]>
            nextitem: <Function test_influxdb_running[ansible://fedora30-vm-influxdb-service]>
        finish pytest_runtest_teardown --> [] [hook]
        pytest_runtest_makereport [hook]
            item: <Function test_influxdb_config[ansible://fedora30-vm]>
            call: <CallInfo when='teardown' result: []>
        finish pytest_runtest_makereport --> <TestReport 'tests/test_default.py::test_influxdb_config[ansible://fedora30-vm]' when='teardown' outcome='passed'> [hook]
        pytest_runtest_logreport [hook]
            report: <TestReport 'tests/test_default.py::test_influxdb_config[ansible://fedora30-vm]' when='teardown' outcome='passed'>
          pytest_report_teststatus [hook]
              report: <TestReport 'tests/test_default.py::test_influxdb_config[ansible://fedora30-vm]' when='teardown' outcome='passed'>
              config: <_pytest.config.Config object at 0x10460dc50>
          finish pytest_report_teststatus --> ('', '', '') [hook]
        finish pytest_runtest_logreport --> [] [hook]
        pytest_runtest_logfinish [hook]
            nodeid: tests/test_default.py::test_influxdb_config[ansible://fedora30-vm]
            location: ('tests/test_default.py', 36, 'test_influxdb_config[ansible://fedora30-vm]')
        finish pytest_runtest_logfinish --> [] [hook]
      finish pytest_runtest_protocol --> True [hook]
      pytest_runtest_protocol [hook]
          item: <Function test_influxdb_running[ansible://fedora30-vm-influxdb-service]>
          nextitem: <Function test_influxdb_running[ansible://fedora30-vm-firewalld]>
        pytest_runtest_logstart [hook]
            nodeid: tests/test_default.py::test_influxdb_running[ansible://fedora30-vm-influxdb-service]
            location: ('tests/test_default.py', 46, 'test_influxdb_running[ansible://fedora30-vm-influxdb-service]')
        finish pytest_runtest_logstart --> [] [hook]
        pytest_runtest_setup [hook]
            item: <Function test_influxdb_running[ansible://fedora30-vm-influxdb-service]>
          pytest_fixture_setup [hook]
              fixturedef: <FixtureDef argname='srv' scope='function' baseid=''>
              request: <SubRequest 'srv' for <Function test_influxdb_running[ansible://fedora30-vm-influxdb-service]>>
          finish pytest_fixture_setup --> influxdb-service [hook]
        finish pytest_runtest_setup --> [] [hook]
        pytest_runtest_makereport [hook]
            item: <Function test_influxdb_running[ansible://fedora30-vm-influxdb-service]>
            call: <CallInfo when='setup' result: []>
        finish pytest_runtest_makereport --> <TestReport 'tests/test_default.py::test_influxdb_running[ansible://fedora30-vm-influxdb-service]' when='setup' outcome='passed'> [hook]
        pytest_runtest_logreport [hook]
            report: <TestReport 'tests/test_default.py::test_influxdb_running[ansible://fedora30-vm-influxdb-service]' when='setup' outcome='passed'>
          pytest_report_teststatus [hook]
              report: <TestReport 'tests/test_default.py::test_influxdb_running[ansible://fedora30-vm-influxdb-service]' when='setup' outcome='passed'>
              config: <_pytest.config.Config object at 0x10460dc50>
          finish pytest_report_teststatus --> ('', '', '') [hook]
        finish pytest_runtest_logreport --> [] [hook]
        pytest_runtest_call [hook]
            item: <Function test_influxdb_running[ansible://fedora30-vm-influxdb-service]>
          pytest_pyfunc_call [hook]
              pyfuncitem: <Function test_influxdb_running[ansible://fedora30-vm-influxdb-service]>
          matched marked file 'testinfra.modules.service' (from 'testinfra') [assertion]
          find_module called for: testinfra.modules.service [assertion]
          found cached rewritten pyc for '/usr/local/lib/python3.7/site-packages/testinfra/modules/service.py' [assertion]
          finish pytest_pyfunc_call --> True [hook]
        finish pytest_runtest_call --> [] [hook]
        pytest_runtest_makereport [hook]
            item: <Function test_influxdb_running[ansible://fedora30-vm-influxdb-service]>
            call: <CallInfo when='call' result: []>
        finish pytest_runtest_makereport --> <TestReport 'tests/test_default.py::test_influxdb_running[ansible://fedora30-vm-influxdb-service]' when='call' outcome='passed'> [hook]
        pytest_runtest_logreport [hook]
            report: <TestReport 'tests/test_default.py::test_influxdb_running[ansible://fedora30-vm-influxdb-service]' when='call' outcome='passed'>
          pytest_report_teststatus [hook]
              report: <TestReport 'tests/test_default.py::test_influxdb_running[ansible://fedora30-vm-influxdb-service]' when='call' outcome='passed'>
              config: <_pytest.config.Config object at 0x10460dc50>
          finish pytest_report_teststatus --> ('passed', '.', 'PASSED') [hook]
        finish pytest_runtest_logreport --> [] [hook]
        pytest_runtest_teardown [hook]
            item: <Function test_influxdb_running[ansible://fedora30-vm-influxdb-service]>
            nextitem: <Function test_influxdb_running[ansible://fedora30-vm-firewalld]>
          pytest_fixture_post_finalizer [hook]
              fixturedef: <FixtureDef argname='srv' scope='function' baseid=''>
              request: <SubRequest 'srv' for <Function test_influxdb_running[ansible://fedora30-vm-influxdb-service]>>
          finish pytest_fixture_post_finalizer --> [] [hook]
        finish pytest_runtest_teardown --> [] [hook]
        pytest_runtest_makereport [hook]
            item: <Function test_influxdb_running[ansible://fedora30-vm-influxdb-service]>
            call: <CallInfo when='teardown' result: []>
        finish pytest_runtest_makereport --> <TestReport 'tests/test_default.py::test_influxdb_running[ansible://fedora30-vm-influxdb-service]' when='teardown' outcome='passed'> [hook]
        pytest_runtest_logreport [hook]
            report: <TestReport 'tests/test_default.py::test_influxdb_running[ansible://fedora30-vm-influxdb-service]' when='teardown' outcome='passed'>
          pytest_report_teststatus [hook]
              report: <TestReport 'tests/test_default.py::test_influxdb_running[ansible://fedora30-vm-influxdb-service]' when='teardown' outcome='passed'>
              config: <_pytest.config.Config object at 0x10460dc50>
          finish pytest_report_teststatus --> ('', '', '') [hook]
        finish pytest_runtest_logreport --> [] [hook]
        pytest_runtest_logfinish [hook]
            nodeid: tests/test_default.py::test_influxdb_running[ansible://fedora30-vm-influxdb-service]
            location: ('tests/test_default.py', 46, 'test_influxdb_running[ansible://fedora30-vm-influxdb-service]')
        finish pytest_runtest_logfinish --> [] [hook]
      finish pytest_runtest_protocol --> True [hook]
      pytest_runtest_protocol [hook]
          item: <Function test_influxdb_running[ansible://fedora30-vm-firewalld]>
          nextitem: None
        pytest_runtest_logstart [hook]
            nodeid: tests/test_default.py::test_influxdb_running[ansible://fedora30-vm-firewalld]
            location: ('tests/test_default.py', 46, 'test_influxdb_running[ansible://fedora30-vm-firewalld]')
        finish pytest_runtest_logstart --> [] [hook]
        pytest_runtest_setup [hook]
            item: <Function test_influxdb_running[ansible://fedora30-vm-firewalld]>
          pytest_fixture_setup [hook]
              fixturedef: <FixtureDef argname='srv' scope='function' baseid=''>
              request: <SubRequest 'srv' for <Function test_influxdb_running[ansible://fedora30-vm-firewalld]>>
          finish pytest_fixture_setup --> firewalld [hook]
        finish pytest_runtest_setup --> [] [hook]
        pytest_runtest_makereport [hook]
            item: <Function test_influxdb_running[ansible://fedora30-vm-firewalld]>
            call: <CallInfo when='setup' result: []>
        finish pytest_runtest_makereport --> <TestReport 'tests/test_default.py::test_influxdb_running[ansible://fedora30-vm-firewalld]' when='setup' outcome='passed'> [hook]
        pytest_runtest_logreport [hook]
            report: <TestReport 'tests/test_default.py::test_influxdb_running[ansible://fedora30-vm-firewalld]' when='setup' outcome='passed'>
          pytest_report_teststatus [hook]
              report: <TestReport 'tests/test_default.py::test_influxdb_running[ansible://fedora30-vm-firewalld]' when='setup' outcome='passed'>
              config: <_pytest.config.Config object at 0x10460dc50>
          finish pytest_report_teststatus --> ('', '', '') [hook]
        finish pytest_runtest_logreport --> [] [hook]
        pytest_runtest_call [hook]
            item: <Function test_influxdb_running[ansible://fedora30-vm-firewalld]>
          pytest_pyfunc_call [hook]
              pyfuncitem: <Function test_influxdb_running[ansible://fedora30-vm-firewalld]>
          finish pytest_pyfunc_call --> True [hook]
        finish pytest_runtest_call --> [] [hook]
        pytest_runtest_makereport [hook]
            item: <Function test_influxdb_running[ansible://fedora30-vm-firewalld]>
            call: <CallInfo when='call' result: []>
        finish pytest_runtest_makereport --> <TestReport 'tests/test_default.py::test_influxdb_running[ansible://fedora30-vm-firewalld]' when='call' outcome='passed'> [hook]
        pytest_runtest_logreport [hook]
            report: <TestReport 'tests/test_default.py::test_influxdb_running[ansible://fedora30-vm-firewalld]' when='call' outcome='passed'>
          pytest_report_teststatus [hook]
              report: <TestReport 'tests/test_default.py::test_influxdb_running[ansible://fedora30-vm-firewalld]' when='call' outcome='passed'>
              config: <_pytest.config.Config object at 0x10460dc50>
          finish pytest_report_teststatus --> ('passed', '.', 'PASSED') [hook]
        finish pytest_runtest_logreport --> [] [hook]
        pytest_runtest_teardown [hook]
            item: <Function test_influxdb_running[ansible://fedora30-vm-firewalld]>
            nextitem: None
          pytest_fixture_post_finalizer [hook]
              fixturedef: <FixtureDef argname='srv' scope='function' baseid=''>
              request: <SubRequest 'srv' for <Function test_influxdb_running[ansible://fedora30-vm-firewalld]>>
          finish pytest_fixture_post_finalizer --> [] [hook]
          pytest_fixture_post_finalizer [hook]
              fixturedef: <FixtureDef argname='host' scope='module' baseid=''>
              request: <SubRequest 'host' for <Function test_influxdb_running[ansible://fedora30-vm-firewalld]>>
          finish pytest_fixture_post_finalizer --> [] [hook]
          pytest_fixture_post_finalizer [hook]
              fixturedef: <FixtureDef argname='host' scope='module' baseid=''>
              request: <SubRequest 'host' for <Function test_influxdb_running[ansible://fedora30-vm-firewalld]>>
          finish pytest_fixture_post_finalizer --> [] [hook]
          pytest_fixture_post_finalizer [hook]
              fixturedef: <FixtureDef argname='host' scope='module' baseid=''>
              request: <SubRequest 'host' for <Function test_influxdb_running[ansible://fedora30-vm-influxdb-service]>>
          finish pytest_fixture_post_finalizer --> [] [hook]
          pytest_fixture_post_finalizer [hook]
              fixturedef: <FixtureDef argname='host' scope='module' baseid=''>
              request: <SubRequest 'host' for <Function test_influxdb_config[ansible://fedora30-vm]>>
          finish pytest_fixture_post_finalizer --> [] [hook]
          pytest_fixture_post_finalizer [hook]
              fixturedef: <FixtureDef argname='host' scope='module' baseid=''>
              request: <SubRequest 'host' for <Function test_influxdb_user[ansible://fedora30-vm]>>
          finish pytest_fixture_post_finalizer --> [] [hook]
          pytest_fixture_post_finalizer [hook]
              fixturedef: <FixtureDef argname='host' scope='module' baseid=''>
              request: <SubRequest 'host' for <Function test_influxdb_systemd_config[ansible://fedora30-vm]>>
          finish pytest_fixture_post_finalizer --> [] [hook]
          pytest_fixture_post_finalizer [hook]
              fixturedef: <FixtureDef argname='host' scope='module' baseid=''>
              request: <SubRequest 'host' for <Function test_influx_packages_installed[ansible://fedora30-vm-firewalld]>>
          finish pytest_fixture_post_finalizer --> [] [hook]
          pytest_fixture_post_finalizer [hook]
              fixturedef: <FixtureDef argname='host' scope='module' baseid=''>
              request: <SubRequest 'host' for <Function test_influx_packages_installed[ansible://fedora30-vm-python3-influxdb]>>
          finish pytest_fixture_post_finalizer --> [] [hook]
          pytest_fixture_post_finalizer [hook]
              fixturedef: <FixtureDef argname='host' scope='module' baseid=''>
              request: <SubRequest 'host' for <Function test_influx_packages_installed[ansible://fedora30-vm-podman]>>
          finish pytest_fixture_post_finalizer --> [] [hook]
          pytest_fixture_post_finalizer [hook]
              fixturedef: <FixtureDef argname='_testinfra_host' scope='module' baseid=''>
              request: <SubRequest '_testinfra_host' for <Function test_influxdb_running[ansible://fedora30-vm-firewalld]>>
          finish pytest_fixture_post_finalizer --> [] [hook]
          pytest_fixture_post_finalizer [hook]
              fixturedef: <FixtureDef argname='host' scope='module' baseid=''>
              request: <SubRequest 'host' for <Function test_influxdb_running[ansible://fedora30-vm-influxdb-service]>>
          finish pytest_fixture_post_finalizer --> [] [hook]
          pytest_fixture_post_finalizer [hook]
              fixturedef: <FixtureDef argname='_testinfra_host' scope='module' baseid=''>
              request: <SubRequest '_testinfra_host' for <Function test_influxdb_running[ansible://fedora30-vm-influxdb-service]>>
          finish pytest_fixture_post_finalizer --> [] [hook]
          pytest_fixture_post_finalizer [hook]
              fixturedef: <FixtureDef argname='host' scope='module' baseid=''>
              request: <SubRequest 'host' for <Function test_influxdb_config[ansible://fedora30-vm]>>
          finish pytest_fixture_post_finalizer --> [] [hook]
          pytest_fixture_post_finalizer [hook]
              fixturedef: <FixtureDef argname='_testinfra_host' scope='module' baseid=''>
              request: <SubRequest '_testinfra_host' for <Function test_influxdb_config[ansible://fedora30-vm]>>
          finish pytest_fixture_post_finalizer --> [] [hook]
          pytest_fixture_post_finalizer [hook]
              fixturedef: <FixtureDef argname='host' scope='module' baseid=''>
              request: <SubRequest 'host' for <Function test_influxdb_user[ansible://fedora30-vm]>>
          finish pytest_fixture_post_finalizer --> [] [hook]
          pytest_fixture_post_finalizer [hook]
              fixturedef: <FixtureDef argname='_testinfra_host' scope='module' baseid=''>
              request: <SubRequest '_testinfra_host' for <Function test_influxdb_user[ansible://fedora30-vm]>>
          finish pytest_fixture_post_finalizer --> [] [hook]
          pytest_fixture_post_finalizer [hook]
              fixturedef: <FixtureDef argname='host' scope='module' baseid=''>
              request: <SubRequest 'host' for <Function test_influxdb_systemd_config[ansible://fedora30-vm]>>
          finish pytest_fixture_post_finalizer --> [] [hook]
          pytest_fixture_post_finalizer [hook]
              fixturedef: <FixtureDef argname='_testinfra_host' scope='module' baseid=''>
              request: <SubRequest '_testinfra_host' for <Function test_influxdb_systemd_config[ansible://fedora30-vm]>>
          finish pytest_fixture_post_finalizer --> [] [hook]
          pytest_fixture_post_finalizer [hook]
              fixturedef: <FixtureDef argname='host' scope='module' baseid=''>
              request: <SubRequest 'host' for <Function test_influx_packages_installed[ansible://fedora30-vm-firewalld]>>
          finish pytest_fixture_post_finalizer --> [] [hook]
          pytest_fixture_post_finalizer [hook]
              fixturedef: <FixtureDef argname='_testinfra_host' scope='module' baseid=''>
              request: <SubRequest '_testinfra_host' for <Function test_influx_packages_installed[ansible://fedora30-vm-firewalld]>>
          finish pytest_fixture_post_finalizer --> [] [hook]
          pytest_fixture_post_finalizer [hook]
              fixturedef: <FixtureDef argname='host' scope='module' baseid=''>
              request: <SubRequest 'host' for <Function test_influx_packages_installed[ansible://fedora30-vm-python3-influxdb]>>
          finish pytest_fixture_post_finalizer --> [] [hook]
          pytest_fixture_post_finalizer [hook]
              fixturedef: <FixtureDef argname='_testinfra_host' scope='module' baseid=''>
              request: <SubRequest '_testinfra_host' for <Function test_influx_packages_installed[ansible://fedora30-vm-python3-influxdb]>>
          finish pytest_fixture_post_finalizer --> [] [hook]
          pytest_fixture_post_finalizer [hook]
              fixturedef: <FixtureDef argname='host' scope='module' baseid=''>
              request: <SubRequest 'host' for <Function test_influx_packages_installed[ansible://fedora30-vm-podman]>>
          finish pytest_fixture_post_finalizer --> [] [hook]
          pytest_fixture_post_finalizer [hook]
              fixturedef: <FixtureDef argname='_testinfra_host' scope='module' baseid=''>
              request: <SubRequest '_testinfra_host' for <Function test_influx_packages_installed[ansible://fedora30-vm-podman]>>
          finish pytest_fixture_post_finalizer --> [] [hook]
        finish pytest_runtest_teardown --> [] [hook]
        pytest_runtest_makereport [hook]
            item: <Function test_influxdb_running[ansible://fedora30-vm-firewalld]>
            call: <CallInfo when='teardown' result: []>
        finish pytest_runtest_makereport --> <TestReport 'tests/test_default.py::test_influxdb_running[ansible://fedora30-vm-firewalld]' when='teardown' outcome='passed'> [hook]
        pytest_runtest_logreport [hook]
            report: <TestReport 'tests/test_default.py::test_influxdb_running[ansible://fedora30-vm-firewalld]' when='teardown' outcome='passed'>
          pytest_report_teststatus [hook]
              report: <TestReport 'tests/test_default.py::test_influxdb_running[ansible://fedora30-vm-firewalld]' when='teardown' outcome='passed'>
              config: <_pytest.config.Config object at 0x10460dc50>
          finish pytest_report_teststatus --> ('', '', '') [hook]
        finish pytest_runtest_logreport --> [] [hook]
        pytest_runtest_logfinish [hook]
            nodeid: tests/test_default.py::test_influxdb_running[ansible://fedora30-vm-firewalld]
            location: ('tests/test_default.py', 46, 'test_influxdb_running[ansible://fedora30-vm-firewalld]')
        finish pytest_runtest_logfinish --> [] [hook]
      finish pytest_runtest_protocol --> True [hook]
    finish pytest_runtestloop --> True [hook]
    pytest_sessionfinish [hook]
        session: <Session molecule exitstatus=0 testsfailed=0 testscollected=8>
        exitstatus: 0
      pytest_terminal_summary [hook]
          terminalreporter: <_pytest.terminal.TerminalReporter object at 0x1047191d0>
          exitstatus: 0
          config: <_pytest.config.Config object at 0x10460dc50>
      finish pytest_terminal_summary --> [] [hook]
    finish pytest_sessionfinish --> [] [hook]
    pytest_unconfigure [hook]
        config: <_pytest.config.Config object at 0x10460dc50>
    finish pytest_unconfigure --> [] [hook]
